c:\users\gabri\onedrive\documents\up_docs\school\cpp projects school\gdgrap\gdphysx\x64\release\vc143.pdb
c:\users\gabri\onedrive\documents\up_docs\school\cpp projects school\gdgrap\gdphysx\x64\release\drawcall.obj
c:\users\gabri\onedrive\documents\up_docs\school\cpp projects school\gdgrap\gdphysx\x64\release\window.obj
c:\users\gabri\onedrive\documents\up_docs\school\cpp projects school\gdgrap\gdphysx\x64\release\texture.obj
c:\users\gabri\onedrive\documents\up_docs\school\cpp projects school\gdgrap\gdphysx\x64\release\skybox.obj
c:\users\gabri\onedrive\documents\up_docs\school\cpp projects school\gdgrap\gdphysx\x64\release\shader.obj
c:\users\gabri\onedrive\documents\up_docs\school\cpp projects school\gdgrap\gdphysx\x64\release\camera.obj
c:\users\gabri\onedrive\documents\up_docs\school\cpp projects school\gdgrap\gdphysx\x64\release\gdgrapprok.obj
c:\users\gabri\onedrive\documents\up_docs\school\cpp projects school\gdgrap\gdphysx\x64\release\renderpipeline.obj
c:\users\gabri\onedrive\documents\up_docs\school\cpp projects school\gdgrap\gdphysx\x64\release\mesh.obj
c:\users\gabri\onedrive\documents\up_docs\school\cpp projects school\gdgrap\gdphysx\x64\release\material.obj
c:\users\gabri\onedrive\documents\up_docs\school\cpp projects school\gdgrap\gdphysx\x64\release\vector.obj
c:\users\gabri\onedrive\documents\up_docs\school\cpp projects school\gdgrap\gdphysx\x64\release\time.obj
c:\users\gabri\onedrive\documents\up_docs\school\cpp projects school\gdgrap\gdphysx\x64\release\physicspipeline.obj
c:\users\gabri\onedrive\documents\up_docs\school\cpp projects school\gdgrap\gdphysx\x64\release\object.obj
c:\users\gabri\onedrive\documents\up_docs\school\cpp projects school\gdgrap\gdphysx\x64\release\glad.obj
c:\users\gabri\onedrive\documents\up_docs\school\cpp projects school\gdgrap\gdphysx\x64\release\shaders\lit.frag
c:\users\gabri\onedrive\documents\up_docs\school\cpp projects school\gdgrap\gdphysx\x64\release\shaders\object.vert
c:\users\gabri\onedrive\documents\up_docs\school\cpp projects school\gdgrap\gdphysx\x64\release\3d\djsword.obj
c:\users\gabri\onedrive\documents\up_docs\school\cpp projects school\gdgrap\gdphysx\x64\release\3d\mycube.obj
c:\users\gabri\onedrive\documents\up_docs\school\cpp projects school\gdgrap\gdphysx\x64\release\tex\skybox\uw_bk.jpg
c:\users\gabri\onedrive\documents\up_docs\school\cpp projects school\gdgrap\gdphysx\x64\release\tex\skybox\uw_dn.jpg
c:\users\gabri\onedrive\documents\up_docs\school\cpp projects school\gdgrap\gdphysx\x64\release\tex\skybox\uw_ft.jpg
c:\users\gabri\onedrive\documents\up_docs\school\cpp projects school\gdgrap\gdphysx\x64\release\tex\skybox\uw_lf.jpg
c:\users\gabri\onedrive\documents\up_docs\school\cpp projects school\gdgrap\gdphysx\x64\release\tex\skybox\uw_rt.jpg
c:\users\gabri\onedrive\documents\up_docs\school\cpp projects school\gdgrap\gdphysx\x64\release\tex\skybox\uw_up.jpg
c:\users\gabri\onedrive\documents\up_docs\school\cpp projects school\gdgrap\gdphysx\x64\release\tex\sub1\diff.png
c:\users\gabri\onedrive\documents\up_docs\school\cpp projects school\gdgrap\gdphysx\x64\release\tex\sub1\norm.png
c:\users\gabri\onedrive\documents\up_docs\school\cpp projects school\gdgrap\gdphysx\x64\release\tex\sub2\diff.jpg
c:\users\gabri\onedrive\documents\up_docs\school\cpp projects school\gdgrap\gdphysx\x64\release\tex\sub2\norm.png
c:\users\gabri\onedrive\documents\up_docs\school\cpp projects school\gdgrap\gdphysx\x64\release\tex\sub3\norm.png
c:\users\gabri\onedrive\documents\up_docs\school\cpp projects school\gdgrap\gdphysx\x64\release\tex\sub3\diff.png
c:\users\gabri\onedrive\documents\up_docs\school\cpp projects school\gdgrap\gdphysx\x64\release\tex\sub4\diff.jpg
c:\users\gabri\onedrive\documents\up_docs\school\cpp projects school\gdgrap\gdphysx\x64\release\tex\sub4\norm.jpg
c:\users\gabri\onedrive\documents\up_docs\school\cpp projects school\gdgrap\gdphysx\x64\release\tex\sub5\diff.png
c:\users\gabri\onedrive\documents\up_docs\school\cpp projects school\gdgrap\gdphysx\x64\release\tex\sub6\diff.png
c:\users\gabri\onedrive\documents\up_docs\school\cpp projects school\gdgrap\gdphysx\x64\release\tex\sub6\norm.png
c:\users\gabri\onedrive\documents\up_docs\school\cpp projects school\gdgrap\gdphysx\x64\release\tex\sub7\diff.png
c:\users\gabri\onedrive\documents\up_docs\school\cpp projects school\gdgrap\gdphysx\x64\release\tex\sub7\gloss.png
c:\users\gabri\onedrive\documents\up_docs\school\cpp projects school\gdgrap\gdphysx\x64\release\tex\sub7\norm.png
c:\users\gabri\onedrive\documents\up_docs\school\cpp projects school\gdgrap\gdphysx\x64\release\tex\skybox\rainbow_bk.png
c:\users\gabri\onedrive\documents\up_docs\school\cpp projects school\gdgrap\gdphysx\x64\release\tex\skybox\rainbow_dn.png
c:\users\gabri\onedrive\documents\up_docs\school\cpp projects school\gdgrap\gdphysx\x64\release\tex\skybox\rainbow_ft.png
c:\users\gabri\onedrive\documents\up_docs\school\cpp projects school\gdgrap\gdphysx\x64\release\tex\skybox\rainbow_lf.png
c:\users\gabri\onedrive\documents\up_docs\school\cpp projects school\gdgrap\gdphysx\x64\release\tex\skybox\rainbow_rt.png
c:\users\gabri\onedrive\documents\up_docs\school\cpp projects school\gdgrap\gdphysx\x64\release\tex\skybox\rainbow_up.png
c:\users\gabri\onedrive\documents\up_docs\school\cpp projects school\gdgrap\gdphysx\x64\release\shaders\skybox.frag
c:\users\gabri\onedrive\documents\up_docs\school\cpp projects school\gdgrap\gdphysx\x64\release\shaders\skybox.vert
c:\users\gabri\onedrive\documents\up_docs\school\cpp projects school\gdgrap\gdphysx\x64\release\3d\quiz.obj
c:\users\gabri\onedrive\documents\up_docs\school\cpp projects school\gdgrap\gdphysx\x64\release\3d\bunny.obj
c:\users\gabri\onedrive\documents\up_docs\school\cpp projects school\gdgrap\gdphysx\x64\release\3d\sub1.obj
c:\users\gabri\onedrive\documents\up_docs\school\cpp projects school\gdgrap\gdphysx\x64\release\3d\sub2.obj
c:\users\gabri\onedrive\documents\up_docs\school\cpp projects school\gdgrap\gdphysx\x64\release\3d\sub3.obj
c:\users\gabri\onedrive\documents\up_docs\school\cpp projects school\gdgrap\gdphysx\x64\release\3d\sub4.obj
c:\users\gabri\onedrive\documents\up_docs\school\cpp projects school\gdgrap\gdphysx\x64\release\3d\sub5.obj
c:\users\gabri\onedrive\documents\up_docs\school\cpp projects school\gdgrap\gdphysx\x64\release\3d\sub6.obj
c:\users\gabri\onedrive\documents\up_docs\school\cpp projects school\gdgrap\gdphysx\x64\release\3d\sub7.obj
c:\users\gabri\onedrive\documents\up_docs\school\cpp projects school\gdgrap\gdphysx\x64\release\shaders\camshader.frag
c:\users\gabri\onedrive\documents\up_docs\school\cpp projects school\gdgrap\gdphysx\x64\release\shaders\camshader.vert
c:\users\gabri\onedrive\documents\up_docs\school\cpp projects school\gdgrap\gdphysx\x64\release\shaders\depth.frag
c:\users\gabri\onedrive\documents\up_docs\school\cpp projects school\gdgrap\gdphysx\x64\release\3d\sphere.obj
c:\users\gabri\onedrive\documents\up_docs\school\cpp projects school\gdgrap\gdphysx\x64\release\shaders\unlit.frag
c:\users\gabri\onedrive\documents\up_docs\school\cpp projects school\gdgrap\gdphysx\x64\release\gdphysx.exe
c:\users\gabri\onedrive\documents\up_docs\school\cpp projects school\gdgrap\gdphysx\x64\release\gdphysx.pdb
c:\users\gabri\onedrive\documents\up_docs\school\cpp projects school\gdgrap\gdphysx\x64\release\gdphysx.ipdb
c:\users\gabri\onedrive\documents\up_docs\school\cpp projects school\gdgrap\gdphysx\x64\release\gdphysx.iobj
c:\users\gabri\onedrive\documents\up_docs\school\cpp projects school\gdgrap\gdphysx\x64\release\gdphysx.tlog\cl.command.1.tlog
c:\users\gabri\onedrive\documents\up_docs\school\cpp projects school\gdgrap\gdphysx\x64\release\gdphysx.tlog\cl.read.1.tlog
c:\users\gabri\onedrive\documents\up_docs\school\cpp projects school\gdgrap\gdphysx\x64\release\gdphysx.tlog\cl.write.1.tlog
c:\users\gabri\onedrive\documents\up_docs\school\cpp projects school\gdgrap\gdphysx\x64\release\gdphysx.tlog\copyfile.command.1.tlog
c:\users\gabri\onedrive\documents\up_docs\school\cpp projects school\gdgrap\gdphysx\x64\release\gdphysx.tlog\copyfile.read.1.tlog
c:\users\gabri\onedrive\documents\up_docs\school\cpp projects school\gdgrap\gdphysx\x64\release\gdphysx.tlog\copyfile.write.1.tlog
c:\users\gabri\onedrive\documents\up_docs\school\cpp projects school\gdgrap\gdphysx\x64\release\gdphysx.tlog\link.command.1.tlog
c:\users\gabri\onedrive\documents\up_docs\school\cpp projects school\gdgrap\gdphysx\x64\release\gdphysx.tlog\link.read.1.tlog
c:\users\gabri\onedrive\documents\up_docs\school\cpp projects school\gdgrap\gdphysx\x64\release\gdphysx.tlog\link.write.1.tlog
c:\users\gabri\onedrive\documents\up_docs\school\cpp projects school\gdgrap\gdphysx\x64\release\gdphysx.tlog\link.write.2u.tlog
